\BOOKMARK [0][-]{chapter.1}{Fundamental formalism}{}% 1
\BOOKMARK [1][-]{section.1.1}{Many-particle systems}{chapter.1}% 2
\BOOKMARK [2][-]{subsection.1.1.1}{Hilbert space and Hamiltonian}{section.1.1}% 3
\BOOKMARK [2][-]{subsection.1.1.2}{More on the space X, and finite dimensional spaces}{section.1.1}% 4
\BOOKMARK [2][-]{subsection.1.1.3}{The manybody Hamiltonian}{section.1.1}% 5
\BOOKMARK [2][-]{subsection.1.1.4}{Separation of variables}{section.1.1}% 6
\BOOKMARK [2][-]{subsection.1.1.5}{Permutations}{section.1.1}% 7
\BOOKMARK [2][-]{subsection.1.1.6}{Particle statistics}{section.1.1}% 8
\BOOKMARK [2][-]{subsection.1.1.7}{Slater determinants}{section.1.1}% 9
\BOOKMARK [1][-]{section.1.2}{Second quantization}{chapter.1}% 10
\BOOKMARK [2][-]{subsection.1.2.1}{The creation and annihilation operators}{section.1.2}% 11
\BOOKMARK [2][-]{subsection.1.2.2}{Anticommutator relations}{section.1.2}% 12
\BOOKMARK [2][-]{subsection.1.2.3}{Occupation number representation}{section.1.2}% 13
\BOOKMARK [2][-]{subsection.1.2.4}{Spin orbitals and orbital diagrams}{section.1.2}% 14
\BOOKMARK [2][-]{subsection.1.2.5}{Fock space}{section.1.2}% 15
\BOOKMARK [2][-]{subsection.1.2.6}{Truncated bases}{section.1.2}% 16
\BOOKMARK [1][-]{section.1.3}{Representation of operators}{chapter.1}% 17
\BOOKMARK [2][-]{subsection.1.3.1}{What we will prove}{section.1.3}% 18
\BOOKMARK [2][-]{subsection.1.3.2}{One-body operators}{section.1.3}% 19
\BOOKMARK [2][-]{subsection.1.3.3}{Two-body operators}{section.1.3}% 20
\BOOKMARK [1][-]{section.1.4}{Wick's Theorem}{chapter.1}% 21
\BOOKMARK [2][-]{subsection.1.4.1}{A sort of summary and motivation}{section.1.4}% 22
\BOOKMARK [2][-]{subsection.1.4.2}{Vacuum expectation values}{section.1.4}% 23
\BOOKMARK [2][-]{subsection.1.4.3}{Normal ordering and contractions}{section.1.4}% 24
\BOOKMARK [2][-]{subsection.1.4.4}{Statement of Wick's Theorem}{section.1.4}% 25
\BOOKMARK [2][-]{subsection.1.4.5}{Vacuum expectation values using Wick's Theorem}{section.1.4}% 26
\BOOKMARK [2][-]{subsection.1.4.6}{Proof of Wick's Theorem}{section.1.4}% 27
\BOOKMARK [2][-]{subsection.1.4.7}{Using Wick's Theorem}{section.1.4}% 28
\BOOKMARK [1][-]{section.1.5}{Particle-hole formalism}{chapter.1}% 29
\BOOKMARK [1][-]{section.1.6}{Operators on normal-order form}{chapter.1}% 30
\BOOKMARK [2][-]{subsection.1.6.1}{The number operator}{section.1.6}% 31
\BOOKMARK [2][-]{subsection.1.6.2}{One-body operators}{section.1.6}% 32
\BOOKMARK [2][-]{subsection.1.6.3}{Two-body operators}{section.1.6}% 33
\BOOKMARK [2][-]{subsection.1.6.4}{Normal-ordered two-body Hamiltonian}{section.1.6}% 34
\BOOKMARK [2][-]{subsection.1.6.5}{Full expressions for the normal-ordered Hamiltonian}{section.1.6}% 35
\BOOKMARK [0][-]{chapter.2}{The Standard Methods of approximation}{}% 36
\BOOKMARK [1][-]{section.2.1}{Introduction}{chapter.2}% 37
\BOOKMARK [1][-]{section.2.2}{The variational principle}{chapter.2}% 38
\BOOKMARK [2][-]{subsection.2.2.1}{The Cauchy interlace theorem and linear models}{section.2.2}% 39
\BOOKMARK [1][-]{section.2.3}{The Configuration-interaction method \(CI\)}{chapter.2}% 40
\BOOKMARK [2][-]{subsection.2.3.1}{General description}{section.2.3}% 41
\BOOKMARK [2][-]{subsection.2.3.2}{Matrix elements of the CI method}{section.2.3}% 42
\BOOKMARK [2][-]{subsection.2.3.3}{Computer implementation of CI methods}{section.2.3}% 43
\BOOKMARK [2][-]{subsection.2.3.4}{Naive CI}{section.2.3}% 44
\BOOKMARK [2][-]{subsection.2.3.5}{Direct CI}{section.2.3}% 45
\BOOKMARK [2][-]{subsection.2.3.6}{Recipe for bit pattern representation.}{section.2.3}% 46
\BOOKMARK [1][-]{section.2.4}{Hartree\205Fock theory}{chapter.2}% 47
\BOOKMARK [2][-]{subsection.2.4.1}{The Hartree\205Fock equations in a given basis}{section.2.4}% 48
\BOOKMARK [2][-]{subsection.2.4.2}{Self-consistent field iteration}{section.2.4}% 49
\BOOKMARK [2][-]{subsection.2.4.3}{The fluctuation potential}{section.2.4}% 50
\BOOKMARK [2][-]{subsection.2.4.4}{Normal-ordered Hamiltonian in HF basis}{section.2.4}% 51
